<?xml version="1.0" encoding="UTF-8"?>
<testsuite xmlns:xsi="http://www.w3.org/2001/XMLSchema-instance" xsi:noNamespaceSchemaLocation="https://maven.apache.org/surefire/maven-surefire-plugin/xsd/surefire-test-report.xsd" name="TestSpring" time="8.756" tests="2" errors="0" skipped="0" failures="0">
  <properties>
    <property name="sun.desktop" value="windows"/>
    <property name="awt.toolkit" value="sun.awt.windows.WToolkit"/>
    <property name="file.encoding.pkg" value="sun.io"/>
    <property name="java.specification.version" value="1.8"/>
    <property name="sun.cpu.isalist" value="amd64"/>
    <property name="sun.jnu.encoding" value="GBK"/>
    <property name="java.class.path" value="F:\wushu\target\test-classes;F:\wushu\target\classes;D:\mavenrepository\junit\junit\4.12\junit-4.12.jar;D:\mavenrepository\org\hamcrest\hamcrest-core\1.3\hamcrest-core-1.3.jar;D:\mavenrepository\org\slf4j\slf4j-log4j12\1.7.21\slf4j-log4j12-1.7.21.jar;D:\mavenrepository\org\slf4j\slf4j-api\1.7.21\slf4j-api-1.7.21.jar;D:\mavenrepository\log4j\log4j\1.2.17\log4j-1.2.17.jar;D:\mavenrepository\javax\servlet\javax.servlet-api\3.1.0\javax.servlet-api-3.1.0.jar;D:\mavenrepository\javax\servlet\jsp\jsp-api\2.2\jsp-api-2.2.jar;D:\mavenrepository\javax\servlet\jstl\1.2\jstl-1.2.jar;D:\mavenrepository\mysql\mysql-connector-java\5.1.35\mysql-connector-java-5.1.35.jar;D:\mavenrepository\com\mchange\c3p0\0.9.5.4\c3p0-0.9.5.4.jar;D:\mavenrepository\com\mchange\mchange-commons-java\0.2.15\mchange-commons-java-0.2.15.jar;D:\mavenrepository\org\springframework\spring-web\4.3.6.RELEASE\spring-web-4.3.6.RELEASE.jar;D:\mavenrepository\org\springframework\spring-aop\4.3.6.RELEASE\spring-aop-4.3.6.RELEASE.jar;D:\mavenrepository\org\springframework\spring-beans\4.3.6.RELEASE\spring-beans-4.3.6.RELEASE.jar;D:\mavenrepository\org\springframework\spring-core\4.3.6.RELEASE\spring-core-4.3.6.RELEASE.jar;D:\mavenrepository\org\springframework\spring-webmvc\4.3.6.RELEASE\spring-webmvc-4.3.6.RELEASE.jar;D:\mavenrepository\org\springframework\spring-expression\4.3.6.RELEASE\spring-expression-4.3.6.RELEASE.jar;D:\mavenrepository\org\springframework\spring-context\4.3.6.RELEASE\spring-context-4.3.6.RELEASE.jar;D:\mavenrepository\org\springframework\spring-test\4.3.6.RELEASE\spring-test-4.3.6.RELEASE.jar;D:\mavenrepository\org\springframework\spring-jdbc\4.3.6.RELEASE\spring-jdbc-4.3.6.RELEASE.jar;D:\mavenrepository\org\springframework\spring-tx\4.3.6.RELEASE\spring-tx-4.3.6.RELEASE.jar;D:\mavenrepository\com\github\stefanbirkner\system-rules\1.16.1\system-rules-1.16.1.jar;D:\mavenrepository\org\aspectj\aspectjweaver\1.8.9\aspectjweaver-1.8.9.jar;D:\mavenrepository\org\apache\commons\commons-lang3\3.4\commons-lang3-3.4.jar;D:\mavenrepository\commons-fileupload\commons-fileupload\1.3.1\commons-fileupload-1.3.1.jar;D:\mavenrepository\commons-io\commons-io\2.2\commons-io-2.2.jar;D:\mavenrepository\org\mybatis\mybatis\3.2.6\mybatis-3.2.6.jar;D:\mavenrepository\org\mybatis\mybatis-spring\1.2.2\mybatis-spring-1.2.2.jar;D:\mavenrepository\com\github\pagehelper\pagehelper\4.0.0\pagehelper-4.0.0.jar;D:\mavenrepository\com\github\jsqlparser\jsqlparser\0.9.1\jsqlparser-0.9.1.jar;D:\mavenrepository\commons-beanutils\commons-beanutils\1.9.3\commons-beanutils-1.9.3.jar;D:\mavenrepository\commons-collections\commons-collections\3.2.1\commons-collections-3.2.1.jar;D:\mavenrepository\commons-lang\commons-lang\2.6\commons-lang-2.6.jar;D:\mavenrepository\commons-logging\commons-logging\1.1.1\commons-logging-1.1.1.jar;D:\mavenrepository\net\sf\ezmorph\ezmorph\1.0.6\ezmorph-1.0.6.jar;D:\mavenrepository\net\sf\json-lib\json-lib\2.2.3\json-lib-2.2.3-jdk15.jar;D:\mavenrepository\com\alibaba\fastjson\1.2.47\fastjson-1.2.47.jar;D:\mavenrepository\com\fasterxml\jackson\core\jackson-core\2.8.1\jackson-core-2.8.1.jar;D:\mavenrepository\com\fasterxml\jackson\core\jackson-databind\2.8.1\jackson-databind-2.8.1.jar;D:\mavenrepository\com\fasterxml\jackson\core\jackson-annotations\2.8.1\jackson-annotations-2.8.1.jar;D:\mavenrepository\dom4j\dom4j\1.6.1\dom4j-1.6.1.jar;D:\mavenrepository\xml-apis\xml-apis\1.0.b2\xml-apis-1.0.b2.jar;D:\mavenrepository\org\apache\shiro\shiro-core\1.2.4\shiro-core-1.2.4.jar;D:\mavenrepository\org\apache\shiro\shiro-spring\1.2.3\shiro-spring-1.2.3.jar;D:\mavenrepository\org\apache\shiro\shiro-web\1.2.3\shiro-web-1.2.3.jar;D:\mavenrepository\net\sf\ehcache\ehcache-core\2.6.8\ehcache-core-2.6.8.jar;D:\mavenrepository\org\mybatis\mybatis-ehcache\1.0.0\mybatis-ehcache-1.0.0.jar;D:\mavenrepository\org\springframework\spring-context-support\4.3.6.RELEASE\spring-context-support-4.3.6.RELEASE.jar;D:\mavenrepository\io\springfox\springfox-swagger2\2.6.1\springfox-swagger2-2.6.1.jar;D:\mavenrepository\io\swagger\swagger-annotations\1.5.10\swagger-annotations-1.5.10.jar;D:\mavenrepository\io\swagger\swagger-models\1.5.10\swagger-models-1.5.10.jar;D:\mavenrepository\io\springfox\springfox-spi\2.6.1\springfox-spi-2.6.1.jar;D:\mavenrepository\io\springfox\springfox-core\2.6.1\springfox-core-2.6.1.jar;D:\mavenrepository\io\springfox\springfox-schema\2.6.1\springfox-schema-2.6.1.jar;D:\mavenrepository\io\springfox\springfox-swagger-common\2.6.1\springfox-swagger-common-2.6.1.jar;D:\mavenrepository\io\springfox\springfox-spring-web\2.6.1\springfox-spring-web-2.6.1.jar;D:\mavenrepository\com\google\guava\guava\18.0\guava-18.0.jar;D:\mavenrepository\com\fasterxml\classmate\1.3.1\classmate-1.3.1.jar;D:\mavenrepository\org\springframework\plugin\spring-plugin-core\1.2.0.RELEASE\spring-plugin-core-1.2.0.RELEASE.jar;D:\mavenrepository\org\springframework\plugin\spring-plugin-metadata\1.2.0.RELEASE\spring-plugin-metadata-1.2.0.RELEASE.jar;D:\mavenrepository\org\mapstruct\mapstruct\1.0.0.Final\mapstruct-1.0.0.Final.jar;D:\mavenrepository\io\springfox\springfox-swagger-ui\2.6.1\springfox-swagger-ui-2.6.1.jar;"/>
    <property name="java.vm.vendor" value="Oracle Corporation"/>
    <property name="sun.arch.data.model" value="64"/>
    <property name="user.variant" value=""/>
    <property name="java.vendor.url" value="http://java.oracle.com/"/>
    <property name="user.timezone" value=""/>
    <property name="java.vm.specification.version" value="1.8"/>
    <property name="os.name" value="Windows 10"/>
    <property name="user.country" value="CN"/>
    <property name="sun.java.launcher" value="SUN_STANDARD"/>
    <property name="sun.boot.library.path" value="D:\java\jdk\jre\bin"/>
    <property name="sun.java.command" value="C:\Users\11575\AppData\Local\Temp\surefire8006823311669463696\surefirebooter2622450474742201591.jar C:\Users\11575\AppData\Local\Temp\surefire8006823311669463696 2019-05-26T10-08-32_783-jvmRun1 surefire2301848579036119418tmp surefire_02549805270886092554tmp"/>
    <property name="surefire.test.class.path" value="F:\wushu\target\test-classes;F:\wushu\target\classes;D:\mavenrepository\junit\junit\4.12\junit-4.12.jar;D:\mavenrepository\org\hamcrest\hamcrest-core\1.3\hamcrest-core-1.3.jar;D:\mavenrepository\org\slf4j\slf4j-log4j12\1.7.21\slf4j-log4j12-1.7.21.jar;D:\mavenrepository\org\slf4j\slf4j-api\1.7.21\slf4j-api-1.7.21.jar;D:\mavenrepository\log4j\log4j\1.2.17\log4j-1.2.17.jar;D:\mavenrepository\javax\servlet\javax.servlet-api\3.1.0\javax.servlet-api-3.1.0.jar;D:\mavenrepository\javax\servlet\jsp\jsp-api\2.2\jsp-api-2.2.jar;D:\mavenrepository\javax\servlet\jstl\1.2\jstl-1.2.jar;D:\mavenrepository\mysql\mysql-connector-java\5.1.35\mysql-connector-java-5.1.35.jar;D:\mavenrepository\com\mchange\c3p0\0.9.5.4\c3p0-0.9.5.4.jar;D:\mavenrepository\com\mchange\mchange-commons-java\0.2.15\mchange-commons-java-0.2.15.jar;D:\mavenrepository\org\springframework\spring-web\4.3.6.RELEASE\spring-web-4.3.6.RELEASE.jar;D:\mavenrepository\org\springframework\spring-aop\4.3.6.RELEASE\spring-aop-4.3.6.RELEASE.jar;D:\mavenrepository\org\springframework\spring-beans\4.3.6.RELEASE\spring-beans-4.3.6.RELEASE.jar;D:\mavenrepository\org\springframework\spring-core\4.3.6.RELEASE\spring-core-4.3.6.RELEASE.jar;D:\mavenrepository\org\springframework\spring-webmvc\4.3.6.RELEASE\spring-webmvc-4.3.6.RELEASE.jar;D:\mavenrepository\org\springframework\spring-expression\4.3.6.RELEASE\spring-expression-4.3.6.RELEASE.jar;D:\mavenrepository\org\springframework\spring-context\4.3.6.RELEASE\spring-context-4.3.6.RELEASE.jar;D:\mavenrepository\org\springframework\spring-test\4.3.6.RELEASE\spring-test-4.3.6.RELEASE.jar;D:\mavenrepository\org\springframework\spring-jdbc\4.3.6.RELEASE\spring-jdbc-4.3.6.RELEASE.jar;D:\mavenrepository\org\springframework\spring-tx\4.3.6.RELEASE\spring-tx-4.3.6.RELEASE.jar;D:\mavenrepository\com\github\stefanbirkner\system-rules\1.16.1\system-rules-1.16.1.jar;D:\mavenrepository\org\aspectj\aspectjweaver\1.8.9\aspectjweaver-1.8.9.jar;D:\mavenrepository\org\apache\commons\commons-lang3\3.4\commons-lang3-3.4.jar;D:\mavenrepository\commons-fileupload\commons-fileupload\1.3.1\commons-fileupload-1.3.1.jar;D:\mavenrepository\commons-io\commons-io\2.2\commons-io-2.2.jar;D:\mavenrepository\org\mybatis\mybatis\3.2.6\mybatis-3.2.6.jar;D:\mavenrepository\org\mybatis\mybatis-spring\1.2.2\mybatis-spring-1.2.2.jar;D:\mavenrepository\com\github\pagehelper\pagehelper\4.0.0\pagehelper-4.0.0.jar;D:\mavenrepository\com\github\jsqlparser\jsqlparser\0.9.1\jsqlparser-0.9.1.jar;D:\mavenrepository\commons-beanutils\commons-beanutils\1.9.3\commons-beanutils-1.9.3.jar;D:\mavenrepository\commons-collections\commons-collections\3.2.1\commons-collections-3.2.1.jar;D:\mavenrepository\commons-lang\commons-lang\2.6\commons-lang-2.6.jar;D:\mavenrepository\commons-logging\commons-logging\1.1.1\commons-logging-1.1.1.jar;D:\mavenrepository\net\sf\ezmorph\ezmorph\1.0.6\ezmorph-1.0.6.jar;D:\mavenrepository\net\sf\json-lib\json-lib\2.2.3\json-lib-2.2.3-jdk15.jar;D:\mavenrepository\com\alibaba\fastjson\1.2.47\fastjson-1.2.47.jar;D:\mavenrepository\com\fasterxml\jackson\core\jackson-core\2.8.1\jackson-core-2.8.1.jar;D:\mavenrepository\com\fasterxml\jackson\core\jackson-databind\2.8.1\jackson-databind-2.8.1.jar;D:\mavenrepository\com\fasterxml\jackson\core\jackson-annotations\2.8.1\jackson-annotations-2.8.1.jar;D:\mavenrepository\dom4j\dom4j\1.6.1\dom4j-1.6.1.jar;D:\mavenrepository\xml-apis\xml-apis\1.0.b2\xml-apis-1.0.b2.jar;D:\mavenrepository\org\apache\shiro\shiro-core\1.2.4\shiro-core-1.2.4.jar;D:\mavenrepository\org\apache\shiro\shiro-spring\1.2.3\shiro-spring-1.2.3.jar;D:\mavenrepository\org\apache\shiro\shiro-web\1.2.3\shiro-web-1.2.3.jar;D:\mavenrepository\net\sf\ehcache\ehcache-core\2.6.8\ehcache-core-2.6.8.jar;D:\mavenrepository\org\mybatis\mybatis-ehcache\1.0.0\mybatis-ehcache-1.0.0.jar;D:\mavenrepository\org\springframework\spring-context-support\4.3.6.RELEASE\spring-context-support-4.3.6.RELEASE.jar;D:\mavenrepository\io\springfox\springfox-swagger2\2.6.1\springfox-swagger2-2.6.1.jar;D:\mavenrepository\io\swagger\swagger-annotations\1.5.10\swagger-annotations-1.5.10.jar;D:\mavenrepository\io\swagger\swagger-models\1.5.10\swagger-models-1.5.10.jar;D:\mavenrepository\io\springfox\springfox-spi\2.6.1\springfox-spi-2.6.1.jar;D:\mavenrepository\io\springfox\springfox-core\2.6.1\springfox-core-2.6.1.jar;D:\mavenrepository\io\springfox\springfox-schema\2.6.1\springfox-schema-2.6.1.jar;D:\mavenrepository\io\springfox\springfox-swagger-common\2.6.1\springfox-swagger-common-2.6.1.jar;D:\mavenrepository\io\springfox\springfox-spring-web\2.6.1\springfox-spring-web-2.6.1.jar;D:\mavenrepository\com\google\guava\guava\18.0\guava-18.0.jar;D:\mavenrepository\com\fasterxml\classmate\1.3.1\classmate-1.3.1.jar;D:\mavenrepository\org\springframework\plugin\spring-plugin-core\1.2.0.RELEASE\spring-plugin-core-1.2.0.RELEASE.jar;D:\mavenrepository\org\springframework\plugin\spring-plugin-metadata\1.2.0.RELEASE\spring-plugin-metadata-1.2.0.RELEASE.jar;D:\mavenrepository\org\mapstruct\mapstruct\1.0.0.Final\mapstruct-1.0.0.Final.jar;D:\mavenrepository\io\springfox\springfox-swagger-ui\2.6.1\springfox-swagger-ui-2.6.1.jar;"/>
    <property name="sun.cpu.endian" value="little"/>
    <property name="user.home" value="C:\Users\11575"/>
    <property name="user.language" value="zh"/>
    <property name="java.specification.vendor" value="Oracle Corporation"/>
    <property name="java.home" value="D:\java\jdk\jre"/>
    <property name="basedir" value="F:\wushu"/>
    <property name="file.separator" value="\"/>
    <property name="line.separator" value="&#10;"/>
    <property name="java.vm.specification.vendor" value="Oracle Corporation"/>
    <property name="java.specification.name" value="Java Platform API Specification"/>
    <property name="java.awt.graphicsenv" value="sun.awt.Win32GraphicsEnvironment"/>
    <property name="surefire.real.class.path" value="C:\Users\11575\AppData\Local\Temp\surefire8006823311669463696\surefirebooter2622450474742201591.jar"/>
    <property name="sun.boot.class.path" value="D:\java\jdk\jre\lib\resources.jar;D:\java\jdk\jre\lib\rt.jar;D:\java\jdk\jre\lib\sunrsasign.jar;D:\java\jdk\jre\lib\jsse.jar;D:\java\jdk\jre\lib\jce.jar;D:\java\jdk\jre\lib\charsets.jar;D:\java\jdk\jre\lib\jfr.jar;D:\java\jdk\jre\classes"/>
    <property name="user.script" value=""/>
    <property name="sun.management.compiler" value="HotSpot 64-Bit Tiered Compilers"/>
    <property name="java.runtime.version" value="1.8.0_172-b11"/>
    <property name="user.name" value="11575"/>
    <property name="path.separator" value=";"/>
    <property name="os.version" value="10.0"/>
    <property name="java.endorsed.dirs" value="D:\java\jdk\jre\lib\endorsed"/>
    <property name="java.runtime.name" value="Java(TM) SE Runtime Environment"/>
    <property name="file.encoding" value="GBK"/>
    <property name="java.vm.name" value="Java HotSpot(TM) 64-Bit Server VM"/>
    <property name="localRepository" value="D:\mavenrepository"/>
    <property name="java.vendor.url.bug" value="http://bugreport.sun.com/bugreport/"/>
    <property name="java.io.tmpdir" value="C:\Users\11575\AppData\Local\Temp\"/>
    <property name="idea.version" value="2018.2.5"/>
    <property name="java.version" value="1.8.0_172"/>
    <property name="user.dir" value="F:\wushu"/>
    <property name="os.arch" value="amd64"/>
    <property name="java.vm.specification.name" value="Java Virtual Machine Specification"/>
    <property name="java.awt.printerjob" value="sun.awt.windows.WPrinterJob"/>
    <property name="sun.os.patch.level" value=""/>
    <property name="java.library.path" value="D:\java\jdk\jre\bin;C:\WINDOWS\Sun\Java\bin;C:\WINDOWS\system32;C:\WINDOWS;D:\xshell\;F:\app\yuruiasdf\product\12.2.0\dbhome_1\bin;F:\app\11575\product\11.2.0\dbhome_1\bin;C:\Program Files (x86)\Intel\iCLS Client\;C:\Program Files\Intel\iCLS Client\;C:\Windows\system32;C:\Windows;C:\Windows\System32\Wbem;C:\Windows\System32\WindowsPowerShell\v1.0\;C:\Program Files (x86)\NVIDIA Corporation\PhysX\Common;C:\Program Files (x86)\Intel\Intel(R) Management Engine Components\DAL;C:\Program Files\Intel\Intel(R) Management Engine Components\DAL;C:\Program Files (x86)\Intel\Intel(R) Management Engine Components\IPT;C:\Program Files\Intel\Intel(R) Management Engine Components\IPT;d:\java\jdk\jre\bin;d:\java\jdk\bin;C:\WINDOWS\system32;C:\WINDOWS;C:\WINDOWS\System32\Wbem;C:\WINDOWS\System32\WindowsPowerShell\v1.0\;C:\WINDOWS\System32\OpenSSH\;D:\maven3.5.3\apache-maven-3.5.3\bin;D:\rabbitMQ\erlang\erl10.3\bin;C:\Users\11575\AppData\Local\Microsoft\WindowsApps;;."/>
    <property name="java.vm.info" value="mixed mode"/>
    <property name="java.vendor" value="Oracle Corporation"/>
    <property name="java.vm.version" value="25.172-b11"/>
    <property name="java.ext.dirs" value="D:\java\jdk\jre\lib\ext;C:\WINDOWS\Sun\Java\lib\ext"/>
    <property name="sun.io.unicode.encoding" value="UnicodeLittle"/>
    <property name="java.class.version" value="52.0"/>
  </properties>
  <testcase name="test2" classname="TestSpring" time="0.344"/>
  <testcase name="testd" classname="TestSpring" time="0.003"/>
</testsuite>